<?xml version="1.0" encoding="UTF-8"?>
<testng-results ignored="0" total="2" passed="2" failed="0" skipped="0">
  <reporter-output>
  </reporter-output>
  <suite started-at="2022-10-20T22:50:49 IST" name="Default suite" finished-at="2022-10-20T22:50:59 IST" duration-ms="9954">
    <groups>
    </groups>
    <test started-at="2022-10-20T22:50:49 IST" name="Default test" finished-at="2022-10-20T22:50:59 IST" duration-ms="9954">
      <class name="com.capstone.AadharRegister">
        <test-method signature="ChromeBrowser()[pri:0, instance:com.capstone.AadharRegister@28f3b248]" started-at="2022-10-20T22:50:49 IST" name="ChromeBrowser" finished-at="2022-10-20T22:50:52 IST" duration-ms="2494" status="PASS">
          <reporter-output>
          </reporter-output>
        </test-method> <!-- ChromeBrowser -->
        <test-method signature="TestHome()[pri:0, instance:com.capstone.AadharRegister@28f3b248]" started-at="2022-10-20T22:50:52 IST" name="TestHome" finished-at="2022-10-20T22:50:59 IST" duration-ms="7390" status="PASS">
          <reporter-output>
          </reporter-output>
        </test-method> <!-- TestHome -->
      </class> <!-- com.capstone.AadharRegister -->
    </test> <!-- Default test -->
  </suite> <!-- Default suite -->
</testng-results>
